Downloading https://services.gradle.org/distributions/gradle-8.14-bin.zip
.............10%.............20%.............30%.............40%.............50%.............60%.............70%.............80%.............90%..............100%

Welcome to Gradle 8.14!

Here are the highlights of this release:
 - Java 24 support
 - GraalVM Native Image toolchain selection
 - Enhancements to test reporting
 - Build Authoring improvements

For more details see https://docs.gradle.org/8.14/release-notes.html

To honour the JVM settings for this build a single-use Daemon process will be forked. For more on this, please refer to https://docs.gradle.org/8.14/userguide/gradle_daemon.html#sec:disabling_the_daemon in the Gradle documentation.
Daemon will be stopped at the end of the build 
Calculating task graph as no cached configuration is available for tasks: build
> Task :libcom:preBuild UP-TO-DATE
> Task :libapp:checkKotlinGradlePluginConfigurationErrors SKIPPED
> Task :app:checkKotlinGradlePluginConfigurationErrors SKIPPED
> Task :libmenu:checkKotlinGradlePluginConfigurationErrors SKIPPED
> Task :libmenu:preBuild UP-TO-DATE
> Task :libir:preBuild UP-TO-DATE
> Task :libapp:preBuild UP-TO-DATE
> Task :app:preBuild UP-TO-DATE
> Task :libmenu:preDebugBuild UP-TO-DATE
> Task :RangeSeekBar:preBuild UP-TO-DATE
> Task :libapp:preDebugBuild UP-TO-DATE
> Task :app:preProdDebugBuild UP-TO-DATE
> Task :app:mergeProdDebugNativeDebugMetadata NO-SOURCE
> Task :libcom:preDebugBuild UP-TO-DATE
> Task :libapp:generateDebugResValues
> Task :libapp:dataBindingTriggerDebug
> Task :libmenu:generateDebugResValues
> Task :libmenu:dataBindingTriggerDebug
> Task :libir:preDebugBuild UP-TO-DATE
> Task :libui:preBuild UP-TO-DATE
> Task :libui:preDebugBuild UP-TO-DATE
> Task :libapp:generateDebugBuildConfig
> Task :RangeSeekBar:preDebugBuild UP-TO-DATE
> Task :libir:generateDebugResValues FROM-CACHE
> Task :libui:generateDebugResValues FROM-CACHE
> Task :RangeSeekBar:generateDebugResValues FROM-CACHE
> Task :libcom:generateDebugResValues
> Task :RangeSeekBar:generateDebugResources
> Task :libapp:generateDebugResources
> Task :libir:generateDebugResources
> Task :libmenu:generateDebugResources
> Task :component:edit3d:preBuild UP-TO-DATE
> Task :component:edit3d:preDebugBuild UP-TO-DATE
> Task :component:edit3d:generateDebugResValues FROM-CACHE
> Task :libcom:generateDebugResources
> Task :libcom:checkKotlinGradlePluginConfigurationErrors SKIPPED
> Task :libui:generateDebugResources
> Task :libui:checkKotlinGradlePluginConfigurationErrors SKIPPED
> Task :component:edit3d:generateDebugResources
> Task :RangeSeekBar:packageDebugResources
> Task :libir:packageDebugResources
> Task :libcom:packageDebugResources
> Task :libmenu:javaPreCompileDebug
> Task :libmenu:packageDebugResources
> Task :libapp:packageDebugResources
> Task :libapp:javaPreCompileDebug
> Task :libui:javaPreCompileDebug
> Task :libir:parseDebugLocalResources
> Task :RangeSeekBar:javaPreCompileDebug
> Task :RangeSeekBar:parseDebugLocalResources
> Task :libcom:parseDebugLocalResources
> Task :libmenu:parseDebugLocalResources
> Task :component:edit3d:packageDebugResources
> Task :libir:generateDebugRFile
> Task :RangeSeekBar:generateDebugRFile
> Task :libcom:generateDebugRFile
> Task :libir:checkKotlinGradlePluginConfigurationErrors SKIPPED
> Task :libapp:parseDebugLocalResources
> Task :component:edit3d:parseDebugLocalResources
> Task :libmenu:generateDebugRFile
> Task :component:edit3d:checkKotlinGradlePluginConfigurationErrors SKIPPED
> Task :libir:javaPreCompileDebug FROM-CACHE
> Task :libcom:javaPreCompileDebug FROM-CACHE
> Task :component:house:preBuild UP-TO-DATE
> Task :component:house:preDebugBuild UP-TO-DATE
> Task :component:house:checkKotlinGradlePluginConfigurationErrors SKIPPED
> Task :component:house:generateDebugResValues FROM-CACHE
> Task :component:house:dataBindingTriggerDebug
> Task :component:pseudo:preBuild UP-TO-DATE
> Task :component:pseudo:preDebugBuild UP-TO-DATE
> Task :component:edit3d:dataBindingTriggerDebug
> Task :component:pseudo:checkKotlinGradlePluginConfigurationErrors SKIPPED
> Task :libui:packageDebugResources
> Task :component:edit3d:generateDebugRFile
> Task :component:pseudo:dataBindingTriggerDebug
> Task :component:thermal:checkKotlinGradlePluginConfigurationErrors SKIPPED
> Task :component:thermal:preBuild UP-TO-DATE
> Task :component:thermal:preDebugBuild UP-TO-DATE
> Task :component:thermal:generateDebugResValues FROM-CACHE
> Task :component:pseudo:generateDebugResValues FROM-CACHE
> Task :component:thermal:dataBindingTriggerDebug
> Task :component:house:generateDebugResources
> Task :component:house:javaPreCompileDebug FROM-CACHE
> Task :component:pseudo:javaPreCompileDebug FROM-CACHE
